<?xml version="1.0" encoding="UTF-8"?>
<!-- Generated by org.testng.reporters.JUnitReportReporter -->
<testsuite hostname="DESKTOP-QH61F7B" failures="0" tests="6" name="test.day3" time="0.016" errors="0" timestamp="2020-09-23T20:36:56 CEST" skipped="1">
  <testcase classname="test.day3" name="MobileLogincarLoan" time="0.006"/>
  <system-out/>
  <testcase classname="test.day3" name="MobilesignoutcarLoan" time="0.003"/>
  <system-out/>
  <testcase classname="test.day3" name="MobilesignoutcarLoan" time="0.002"/>
  <system-out/>
  <testcase classname="test.day3" name="WebloginCarLoan" time="0.002"/>
  <system-out/>
  <testcase classname="test.day3" name="MobilesignoutcarLoan" time="0.003"/>
  <system-out/>
  <testcase classname="test.day3" name="MobilesignimcarLoan">
    <skipped/>
  </testcase> <!-- MobilesignimcarLoan -->
  <system-out/>
</testsuite> <!-- test.day3 -->
